[2021-02-27 10:17:41][SQL] select `id`,`name`,`sex`,`age` from `mis_user` where `id` in (1,3,4) or id is null and (`status` = 1 or (`sex` = "女" or `age` = 18)) or `name` like "艾%" limit 0,15 [0.100945s]
[2021-02-27 10:17:41][DEBUG] 测试事件处理 app\listener\TestEvent {"runtime":"0.100945"}
[2021-02-27 10:17:46][SQL] select `id`,`name`,`sex`,`age` from `mis_user` where `id` in (1,3,4) or id is null and (`status` = 1 or (`sex` = "女" or `age` = 18)) or `name` like "艾%" limit 0,15 [0.000514s]
[2021-02-27 10:17:46][DEBUG] 测试事件处理 app\listener\TestEvent {"runtime":"0.000514"}
[2021-02-27 10:18:20][SQL] select `id`,`name`,`sex`,`age` from `mis_user` where `id` in (1,3,4) or id is null and (`status` = 1 or (`sex` = "女" or `age` = 18)) or `name` like "艾%" limit 0,15 [0.000732s]
[2021-02-27 10:18:20][DEBUG] 测试事件处理 app\listener\TestEvent {"runtime":"0.000732"}
[2021-02-27 10:45:44][SQL] select `id`,`name`,`sex`,`age` from `mis_user` where `id` = 1 limit 0,15 [0.017602s]
[2021-02-27 10:45:44][DEBUG] 测试事件处理 app\listener\TestEvent {"runtime":"0.017602"}
[2021-02-27 10:57:17][SQL] select `id`,`name`,`sex`,`age` from `mis_user` where `id` in (1,3,4) or id is null and (`status` = 1 or (`sex` = "女" or `age` = 18)) or `name` like "艾%" limit 0,15 [0.006910s]
[2021-02-27 10:57:17][DEBUG] 测试事件处理 app\listener\TestEvent {"runtime":"0.006910"}
[2021-02-27 10:59:47][SQL] select `id`,`name`,`sex`,`age` from `mis_user` where `id` in (1,3,4) or id is null and (`status` = 1 or (`sex` = "女" or `age` = 18)) or `name` like "艾%" limit 0,15 [0.006729s]
[2021-02-27 10:59:47][DEBUG] 测试事件处理 app\listener\TestEvent {"runtime":"0.006729"}
[2021-02-27 10:59:49][SQL] select `id`,`name`,`sex`,`age` from `mis_user` where `id` in (1,3,4) or id is null and (`status` = 1 or (`sex` = "女" or `age` = 18)) or `name` like "艾%" limit 0,15 [0.000600s]
[2021-02-27 10:59:49][DEBUG] 测试事件处理 app\listener\TestEvent {"runtime":"0.000600"}
[2021-03-07 12:27:16][SQL] select `id`,`name`,`sex`,`age` from `mis_user` where `id` in (1,3,4) or id is null and (`status` = 1 or (`sex` = "女" or `age` = 18)) or `name` like "艾%" limit 0,15 [0.232656s]
[2021-03-07 12:27:16][DEBUG] 测试事件处理 app\listener\TestEvent {"runtime":"0.232656"}
[2021-03-07 12:27:17][SQL] select `id`,`name`,`sex`,`age` from `mis_user` where `id` in (1,3,4) or id is null and (`status` = 1 or (`sex` = "女" or `age` = 18)) or `name` like "艾%" limit 0,15 [0.000647s]
[2021-03-07 12:27:17][DEBUG] 测试事件处理 app\listener\TestEvent {"runtime":"0.000647"}
[2021-03-07 12:27:18][SQL] select `id`,`name`,`sex`,`age` from `mis_user` where `id` in (1,3,4) or id is null and (`status` = 1 or (`sex` = "女" or `age` = 18)) or `name` like "艾%" limit 0,15 [0.000579s]
[2021-03-07 12:27:18][DEBUG] 测试事件处理 app\listener\TestEvent {"runtime":"0.000579"}
[2021-03-07 12:27:19][SQL] select `id`,`name`,`sex`,`age` from `mis_user` where `id` in (1,3,4) or id is null and (`status` = 1 or (`sex` = "女" or `age` = 18)) or `name` like "艾%" limit 0,15 [0.000854s]
[2021-03-07 12:27:19][DEBUG] 测试事件处理 app\listener\TestEvent {"runtime":"0.000854"}
[2021-03-07 12:27:20][SQL] select `id`,`name`,`sex`,`age` from `mis_user` where `id` in (1,3,4) or id is null and (`status` = 1 or (`sex` = "女" or `age` = 18)) or `name` like "艾%" limit 0,15 [0.000607s]
[2021-03-07 12:27:20][DEBUG] 测试事件处理 app\listener\TestEvent {"runtime":"0.000607"}
[2021-03-07 12:27:20][SQL] select `id`,`name`,`sex`,`age` from `mis_user` where `id` in (1,3,4) or id is null and (`status` = 1 or (`sex` = "女" or `age` = 18)) or `name` like "艾%" limit 0,15 [0.000657s]
[2021-03-07 12:27:20][DEBUG] 测试事件处理 app\listener\TestEvent {"runtime":"0.000657"}
[2021-03-07 12:27:21][SQL] select `id`,`name`,`sex`,`age` from `mis_user` where `id` in (1,3,4) or id is null and (`status` = 1 or (`sex` = "女" or `age` = 18)) or `name` like "艾%" limit 0,15 [0.000571s]
[2021-03-07 12:27:21][DEBUG] 测试事件处理 app\listener\TestEvent {"runtime":"0.000571"}
[2021-03-07 22:12:12][SQL] select `id`,`name`,`sex`,`age` from `mis_user` where `id` in (1,3,4) or id is null and (`status` = 1 or (`sex` = "女" or `age` = 18)) or `name` like "艾%" limit 0,15 [0.015522s]
[2021-03-07 22:12:12][DEBUG] 测试事件处理 app\listener\TestEvent {"runtime":"0.015522"}
[2021-03-07 22:12:52][SQL] select `id`,`name`,`sex`,`age` from `mis_user` where `id` in (1,3,4) or id is null and (`status` = 1 or (`sex` = "女" or `age` = 18)) or `name` like "艾%" limit 0,15 [0.000784s]
[2021-03-07 22:12:52][DEBUG] 测试事件处理 app\listener\TestEvent {"runtime":"0.000784"}
[2021-03-07 22:12:53][SQL] select `id`,`name`,`sex`,`age` from `mis_user` where `id` in (1,3,4) or id is null and (`status` = 1 or (`sex` = "女" or `age` = 18)) or `name` like "艾%" limit 0,15 [0.000775s]
[2021-03-07 22:12:53][DEBUG] 测试事件处理 app\listener\TestEvent {"runtime":"0.000775"}
[2021-03-07 22:12:54][SQL] select `id`,`name`,`sex`,`age` from `mis_user` where `id` in (1,3,4) or id is null and (`status` = 1 or (`sex` = "女" or `age` = 18)) or `name` like "艾%" limit 0,15 [0.000678s]
[2021-03-07 22:12:54][DEBUG] 测试事件处理 app\listener\TestEvent {"runtime":"0.000678"}
[2021-03-07 22:12:54][SQL] select `id`,`name`,`sex`,`age` from `mis_user` where `id` in (1,3,4) or id is null and (`status` = 1 or (`sex` = "女" or `age` = 18)) or `name` like "艾%" limit 0,15 [0.000794s]
[2021-03-07 22:12:54][DEBUG] 测试事件处理 app\listener\TestEvent {"runtime":"0.000794"}
[2021-03-11 11:01:46][DB] mysql connection failed SQLSTATE[HY000] [1045] Access denied for user 'root'@'localhost' (using password: YES)
[2021-03-11 11:02:13][SQL] select * from `mis_user` where `id` = 1 limit 1 [0.052298s]
[2021-03-11 11:02:13][DEBUG] 测试事件处理 app\listener\TestEvent {"runtime":"0.052298"}
[2021-03-11 11:02:24][SQL] select * from `mis_user` where `id` = 1 limit 1 [0.004759s]
[2021-03-11 11:02:24][DEBUG] 测试事件处理 app\listener\TestEvent {"runtime":"0.004759"}
[2021-03-11 11:02:37][SQL] select * from `mis_user` where `id` = 1 limit 1 [0.005625s]
[2021-03-11 11:02:37][DEBUG] 测试事件处理 app\listener\TestEvent {"runtime":"0.005625"}
[2021-03-11 11:02:41][SQL] select * from `mis_user` where `id` = 1 limit 1 [0.001420s]
[2021-03-11 11:02:41][DEBUG] 测试事件处理 app\listener\TestEvent {"runtime":"0.001420"}
[2021-03-11 11:02:47][SQL] select * from `mis_user` where `id` = 1 limit 1 [0.002725s]
[2021-03-11 11:02:47][DEBUG] 测试事件处理 app\listener\TestEvent {"runtime":"0.002725"}
[2021-03-11 11:11:47][SQL] select * from `mis_user` limit 1 [0.003775s]
[2021-03-11 11:11:47][DEBUG] 测试事件处理 app\listener\TestEvent {"runtime":"0.003775"}
[2021-03-11 11:11:57][SQL] select * from `mis_user` where `id` = 1 [0.000242s]
[2021-03-11 11:11:57][DEBUG] 测试事件处理 app\listener\TestEvent {"runtime":"0.000242"}
[2021-03-11 11:12:00][SQL] select * from `mis_user` [0.019800s]
[2021-03-11 11:12:00][DEBUG] 测试事件处理 app\listener\TestEvent {"runtime":"0.019800"}
[2021-03-11 11:22:12][SQL] select * from `mis_user` [0.000338s]
[2021-03-11 11:22:12][DEBUG] 测试事件处理 app\listener\TestEvent {"runtime":"0.000338"}
[2021-03-11 11:22:17][SQL] select * from `mis_user` [0.000294s]
[2021-03-11 11:22:17][DEBUG] 测试事件处理 app\listener\TestEvent {"runtime":"0.000294"}
[2021-03-11 11:52:36][SQL] select * from `mis_user` [0.000304s]
[2021-03-11 11:52:36][DEBUG] 测试事件处理 app\listener\TestEvent {"runtime":"0.000304"}
[2021-03-11 11:52:39][SQL] select * from `mis_user` [0.000217s]
[2021-03-11 11:52:39][DEBUG] 测试事件处理 app\listener\TestEvent {"runtime":"0.000217"}
[2021-03-11 11:52:39][SQL] select * from `mis_user` [0.000235s]
[2021-03-11 11:52:39][DEBUG] 测试事件处理 app\listener\TestEvent {"runtime":"0.000235"}
[2021-03-11 11:52:40][SQL] select * from `mis_user` [0.000258s]
[2021-03-11 11:52:40][DEBUG] 测试事件处理 app\listener\TestEvent {"runtime":"0.000258"}
[2021-03-11 11:52:40][SQL] select * from `mis_user` [0.000285s]
[2021-03-11 11:52:40][DEBUG] 测试事件处理 app\listener\TestEvent {"runtime":"0.000285"}
[2021-03-11 11:52:40][SQL] select * from `mis_user` [0.000227s]
[2021-03-11 11:52:40][DEBUG] 测试事件处理 app\listener\TestEvent {"runtime":"0.000227"}
[2021-03-11 11:52:40][SQL] select * from `mis_user` [0.000206s]
[2021-03-11 11:52:40][DEBUG] 测试事件处理 app\listener\TestEvent {"runtime":"0.000206"}
[2021-03-11 11:52:40][SQL] select * from `mis_user` [0.000184s]
[2021-03-11 11:52:40][DEBUG] 测试事件处理 app\listener\TestEvent {"runtime":"0.000184"}
[2021-03-11 11:52:40][SQL] select * from `mis_user` [0.000209s]
[2021-03-11 11:52:40][DEBUG] 测试事件处理 app\listener\TestEvent {"runtime":"0.000209"}
[2021-03-11 11:52:40][SQL] select * from `mis_user` [0.000204s]
[2021-03-11 11:52:40][DEBUG] 测试事件处理 app\listener\TestEvent {"runtime":"0.000204"}
[2021-03-11 11:52:41][SQL] select * from `mis_user` [0.000204s]
[2021-03-11 11:52:41][DEBUG] 测试事件处理 app\listener\TestEvent {"runtime":"0.000204"}
[2021-03-11 11:52:42][SQL] select * from `mis_user` [0.000242s]
[2021-03-11 11:52:42][DEBUG] 测试事件处理 app\listener\TestEvent {"runtime":"0.000242"}
[2021-03-11 11:52:43][SQL] select * from `mis_user` [0.000195s]
[2021-03-11 11:52:43][DEBUG] 测试事件处理 app\listener\TestEvent {"runtime":"0.000195"}
[2021-03-11 11:52:44][SQL] select * from `mis_user` [0.000201s]
[2021-03-11 11:52:44][DEBUG] 测试事件处理 app\listener\TestEvent {"runtime":"0.000201"}
[2021-03-11 14:59:38][SQL] select * from `mis_user` [0.000527s]
[2021-03-11 14:59:38][DEBUG] 测试事件处理 app\listener\TestEvent {"runtime":"0.000527"}
[2021-03-11 15:55:05][SQL] select * from `mis_user` [0.000886s]
[2021-03-11 15:55:05][DEBUG] 测试事件处理 app\listener\TestEvent {"runtime":"0.000886"}
[2021-03-11 15:55:06][SQL] select * from `mis_user` [0.000415s]
[2021-03-11 15:55:06][DEBUG] 测试事件处理 app\listener\TestEvent {"runtime":"0.000415"}
[2021-03-11 15:55:09][SQL] select * from `mis_user` [0.001085s]
[2021-03-11 15:55:09][DEBUG] 测试事件处理 app\listener\TestEvent {"runtime":"0.001085"}
[2021-03-11 15:55:10][SQL] select * from `mis_user` [0.000432s]
[2021-03-11 15:55:10][DEBUG] 测试事件处理 app\listener\TestEvent {"runtime":"0.000432"}
[2021-03-11 18:14:32][SQL] select * from `mis_user` [0.000873s]
[2021-03-11 18:14:32][DEBUG] 测试事件处理 app\listener\TestEvent {"runtime":"0.000873"}
[2021-03-12 10:32:14][ERROR] app\exception\AppException: test exception handler in D:\install\phpstudy_pro\WWW\sfframe\app\middleware\ApiMiddleware.php:15
Stack trace:
#0 D:\install\phpstudy_pro\WWW\sfframe\frame\core\route\RouteDispatcher.php(221): app\middleware\ApiMiddleware->handle(Object(frame\core\Request), Object(Closure))
#1 D:\install\phpstudy_pro\WWW\sfframe\frame\core\route\RouteDispatcher.php(224): frame\core\route\RouteDispatcher->frame\core\route\{closure}(Object(frame\core\Request))
#2 D:\install\phpstudy_pro\WWW\sfframe\frame\core\route\RouteDispatcher.php(172): frame\core\route\RouteDispatcher->middlewarePipe(Object(frame\core\Request), Array)
#3 D:\install\phpstudy_pro\WWW\sfframe\frame\core\App.php(121): frame\core\route\RouteDispatcher->run(Object(frame\core\Request))
#4 D:\install\phpstudy_pro\WWW\sfframe\public\index.php(18): frame\core\App::run()
#5 {main}
[2021-03-12 10:35:30][ERROR] app\exception\RouteException: Routing method not allowed, allowed GET in D:\install\phpstudy_pro\WWW\sfframe\frame\core\route\RouteDispatcher.php:204
Stack trace:
#0 D:\install\phpstudy_pro\WWW\sfframe\frame\core\route\RouteDispatcher.php(160): frame\core\route\RouteDispatcher->findRoute(Object(frame\core\Request))
#1 D:\install\phpstudy_pro\WWW\sfframe\frame\core\App.php(121): frame\core\route\RouteDispatcher->run(Object(frame\core\Request))
#2 D:\install\phpstudy_pro\WWW\sfframe\public\index.php(18): frame\core\App::run()
#3 {main}
[2021-03-12 10:37:08][ERROR] app\exception\AppException: jwt auth failed in D:\install\phpstudy_pro\WWW\sfframe\app\middleware\JWTMiddleware.php:13
Stack trace:
#0 D:\install\phpstudy_pro\WWW\sfframe\frame\core\route\RouteDispatcher.php(225): app\middleware\JWTMiddleware->handle(Object(frame\core\Request), Object(Closure))
#1 D:\install\phpstudy_pro\WWW\sfframe\app\middleware\ApiMiddleware.php(16): frame\core\route\RouteDispatcher->frame\core\route\{closure}(Object(frame\core\Request))
#2 D:\install\phpstudy_pro\WWW\sfframe\frame\core\route\RouteDispatcher.php(225): app\middleware\ApiMiddleware->handle(Object(frame\core\Request), Object(Closure))
#3 D:\install\phpstudy_pro\WWW\sfframe\frame\core\route\RouteDispatcher.php(228): frame\core\route\RouteDispatcher->frame\core\route\{closure}(Object(frame\core\Request))
#4 D:\install\phpstudy_pro\WWW\sfframe\frame\core\route\RouteDispatcher.php(163): frame\core\route\RouteDispatcher->middlewarePipe(Object(frame\core\Request), Array)
#5 D:\install\phpstudy_pro\WWW\sfframe\frame\core\App.php(121): frame\core\route\RouteDispatcher->run(Object(frame\core\Request))
#6 D:\install\phpstudy_pro\WWW\sfframe\public\index.php(18): frame\core\App::run()
#7 {main}
[2021-03-12 10:37:15][ERROR] app\exception\AppException: jwt auth failed in D:\install\phpstudy_pro\WWW\sfframe\app\middleware\JWTMiddleware.php:13
Stack trace:
#0 D:\install\phpstudy_pro\WWW\sfframe\frame\core\route\RouteDispatcher.php(225): app\middleware\JWTMiddleware->handle(Object(frame\core\Request), Object(Closure))
#1 D:\install\phpstudy_pro\WWW\sfframe\app\middleware\ApiMiddleware.php(16): frame\core\route\RouteDispatcher->frame\core\route\{closure}(Object(frame\core\Request))
#2 D:\install\phpstudy_pro\WWW\sfframe\frame\core\route\RouteDispatcher.php(225): app\middleware\ApiMiddleware->handle(Object(frame\core\Request), Object(Closure))
#3 D:\install\phpstudy_pro\WWW\sfframe\frame\core\route\RouteDispatcher.php(228): frame\core\route\RouteDispatcher->frame\core\route\{closure}(Object(frame\core\Request))
#4 D:\install\phpstudy_pro\WWW\sfframe\frame\core\route\RouteDispatcher.php(163): frame\core\route\RouteDispatcher->middlewarePipe(Object(frame\core\Request), Array)
#5 D:\install\phpstudy_pro\WWW\sfframe\frame\core\App.php(121): frame\core\route\RouteDispatcher->run(Object(frame\core\Request))
#6 D:\install\phpstudy_pro\WWW\sfframe\public\index.php(18): frame\core\App::run()
#7 {main}
[2021-03-12 10:37:15][ERROR] app\exception\AppException: jwt auth failed in D:\install\phpstudy_pro\WWW\sfframe\app\middleware\JWTMiddleware.php:13
Stack trace:
#0 D:\install\phpstudy_pro\WWW\sfframe\frame\core\route\RouteDispatcher.php(225): app\middleware\JWTMiddleware->handle(Object(frame\core\Request), Object(Closure))
#1 D:\install\phpstudy_pro\WWW\sfframe\app\middleware\ApiMiddleware.php(16): frame\core\route\RouteDispatcher->frame\core\route\{closure}(Object(frame\core\Request))
#2 D:\install\phpstudy_pro\WWW\sfframe\frame\core\route\RouteDispatcher.php(225): app\middleware\ApiMiddleware->handle(Object(frame\core\Request), Object(Closure))
#3 D:\install\phpstudy_pro\WWW\sfframe\frame\core\route\RouteDispatcher.php(228): frame\core\route\RouteDispatcher->frame\core\route\{closure}(Object(frame\core\Request))
#4 D:\install\phpstudy_pro\WWW\sfframe\frame\core\route\RouteDispatcher.php(163): frame\core\route\RouteDispatcher->middlewarePipe(Object(frame\core\Request), Array)
#5 D:\install\phpstudy_pro\WWW\sfframe\frame\core\App.php(121): frame\core\route\RouteDispatcher->run(Object(frame\core\Request))
#6 D:\install\phpstudy_pro\WWW\sfframe\public\index.php(18): frame\core\App::run()
#7 {main}
[2021-03-12 10:37:16][ERROR] app\exception\AppException: jwt auth failed in D:\install\phpstudy_pro\WWW\sfframe\app\middleware\JWTMiddleware.php:13
Stack trace:
#0 D:\install\phpstudy_pro\WWW\sfframe\frame\core\route\RouteDispatcher.php(225): app\middleware\JWTMiddleware->handle(Object(frame\core\Request), Object(Closure))
#1 D:\install\phpstudy_pro\WWW\sfframe\app\middleware\ApiMiddleware.php(16): frame\core\route\RouteDispatcher->frame\core\route\{closure}(Object(frame\core\Request))
#2 D:\install\phpstudy_pro\WWW\sfframe\frame\core\route\RouteDispatcher.php(225): app\middleware\ApiMiddleware->handle(Object(frame\core\Request), Object(Closure))
#3 D:\install\phpstudy_pro\WWW\sfframe\frame\core\route\RouteDispatcher.php(228): frame\core\route\RouteDispatcher->frame\core\route\{closure}(Object(frame\core\Request))
#4 D:\install\phpstudy_pro\WWW\sfframe\frame\core\route\RouteDispatcher.php(163): frame\core\route\RouteDispatcher->middlewarePipe(Object(frame\core\Request), Array)
#5 D:\install\phpstudy_pro\WWW\sfframe\frame\core\App.php(121): frame\core\route\RouteDispatcher->run(Object(frame\core\Request))
#6 D:\install\phpstudy_pro\WWW\sfframe\public\index.php(18): frame\core\App::run()
#7 {main}
[2021-03-12 10:41:29][ERROR] app\exception\AppException: api handle failed in D:\install\phpstudy_pro\WWW\sfframe\app\middleware\ApiMiddleware.php:15
Stack trace:
#0 D:\install\phpstudy_pro\WWW\sfframe\frame\core\route\RouteDispatcher.php(225): app\middleware\ApiMiddleware->handle(Object(frame\core\Request), Object(Closure))
#1 D:\install\phpstudy_pro\WWW\sfframe\frame\core\route\RouteDispatcher.php(228): frame\core\route\RouteDispatcher->frame\core\route\{closure}(Object(frame\core\Request))
#2 D:\install\phpstudy_pro\WWW\sfframe\frame\core\route\RouteDispatcher.php(163): frame\core\route\RouteDispatcher->middlewarePipe(Object(frame\core\Request), Array)
#3 D:\install\phpstudy_pro\WWW\sfframe\frame\core\App.php(121): frame\core\route\RouteDispatcher->run(Object(frame\core\Request))
#4 D:\install\phpstudy_pro\WWW\sfframe\public\index.php(18): frame\core\App::run()
#5 {main}
